

*******************************************************************************
Mon Sep  6 02:02:47 2021


FIT:    data read from "exp1.dat"
        format = z
        #datapoints = 10
        residuals are weighted equally (unit weight)

function used for fitting: f(x)
	f(x) = b + a*x
fitted parameters initialized with current variable values

iter      chisq       delta/lim  lambda   a             b            
   0 1.9018000000e+04   0.00e+00  4.44e+00    1.000000e+00   1.000000e+00
   4 8.1085714286e+02  -3.56e-04  4.44e-04    1.028571e+01  -1.714286e+01

After 4 iterations the fit converged.
final sum of squares of residuals : 810.857
rel. change during last iteration : -3.56013e-09

degrees of freedom    (FIT_NDF)                        : 8
rms of residuals      (FIT_STDFIT) = sqrt(WSSR/ndf)    : 10.0676
variance of residuals (reduced chisquare) = WSSR/ndf   : 101.357

Final set of parameters            Asymptotic Standard Error
=======================            ==========================
a               = 10.2857          +/- 1.047        (10.18%)
b               = -17.1429         +/- 6.49         (37.86%)

correlation matrix of the fit parameters:
                a      b      
a               1.000 
b              -0.871  1.000 


*******************************************************************************
Mon Sep  6 02:13:35 2021


FIT:    data read from "exp1.dat"
        format = z
        #datapoints = 10
        residuals are weighted equally (unit weight)

function used for fitting: f(x)
	f(x) = b + a*x
fitted parameters initialized with current variable values

iter      chisq       delta/lim  lambda   a             b            
   0 1.9018000000e+04   0.00e+00  4.44e+00    1.000000e+00   1.000000e+00
   4 8.1085714286e+02  -3.56e-04  4.44e-04    1.028571e+01  -1.714286e+01

After 4 iterations the fit converged.
final sum of squares of residuals : 810.857
rel. change during last iteration : -3.56013e-09

degrees of freedom    (FIT_NDF)                        : 8
rms of residuals      (FIT_STDFIT) = sqrt(WSSR/ndf)    : 10.0676
variance of residuals (reduced chisquare) = WSSR/ndf   : 101.357

Final set of parameters            Asymptotic Standard Error
=======================            ==========================
a               = 10.2857          +/- 1.047        (10.18%)
b               = -17.1429         +/- 6.49         (37.86%)

correlation matrix of the fit parameters:
                a      b      
a               1.000 
b              -0.871  1.000 


*******************************************************************************
Tue Sep  7 16:56:57 2021


FIT:    data read from "exp1.dat"
        format = z
        #datapoints = 19
        residuals are weighted equally (unit weight)

function used for fitting: f(x)
	f(x) = b + a*x
fitted parameters initialized with current variable values

iter      chisq       delta/lim  lambda   a             b            
   0 2.8124471829e+03   0.00e+00  8.72e+00    1.000000e+00   1.000000e+00
   4 1.2344295309e+01  -7.67e-02  8.72e-04   -3.232962e-01   5.817652e+00

After 4 iterations the fit converged.
final sum of squares of residuals : 12.3443
rel. change during last iteration : -7.67101e-07

degrees of freedom    (FIT_NDF)                        : 17
rms of residuals      (FIT_STDFIT) = sqrt(WSSR/ndf)    : 0.852136
variance of residuals (reduced chisquare) = WSSR/ndf   : 0.726135

Final set of parameters            Asymptotic Standard Error
=======================            ==========================
a               = -0.323296        +/- 0.03569      (11.04%)
b               = 5.81765          +/- 0.4386       (7.539%)

correlation matrix of the fit parameters:
                a      b      
a               1.000 
b              -0.895  1.000 


*******************************************************************************
Tue Sep  7 16:57:15 2021


FIT:    data read from "exp1.dat"
        format = z
        #datapoints = 19
        residuals are weighted equally (unit weight)

function used for fitting: f(x)
	f(x) = b + a*x
fitted parameters initialized with current variable values

iter      chisq       delta/lim  lambda   a             b            
   0 1.2344295309e+01   0.00e+00  4.98e+00   -3.232962e-01   5.817652e+00
   1 1.2344295309e+01  -4.32e-11  4.98e-01   -3.232962e-01   5.817652e+00

After 1 iterations the fit converged.
final sum of squares of residuals : 12.3443
rel. change during last iteration : -4.31703e-16

degrees of freedom    (FIT_NDF)                        : 17
rms of residuals      (FIT_STDFIT) = sqrt(WSSR/ndf)    : 0.852136
variance of residuals (reduced chisquare) = WSSR/ndf   : 0.726135

Final set of parameters            Asymptotic Standard Error
=======================            ==========================
a               = -0.323296        +/- 0.03569      (11.04%)
b               = 5.81765          +/- 0.4386       (7.539%)

correlation matrix of the fit parameters:
                a      b      
a               1.000 
b              -0.895  1.000 
